<?xml version="1.0" encoding="UTF-8"?>
<testsuite name="Search tourist attractions" tests="1" skipped="0" failures="1" errors="0" timestamp="2022-02-17T12:28:24" hostname="SARA" time="32.75">
  <properties/>
  <testcase name="Find where the exit to the Disney attraction in Paris starts" classname="Search tourist attractions" time="32.75">
    <failure message="java.lang.AssertionError: Starting points do not match - &#10;Expected: a string containing &quot;Disneyland Paris, Boulevard de Parc, , Marne-la-Vallee, 77700&quot;&#10;     but: was &quot;Disneyland Paris, Boulevard de Parc,, Marne-la-Vallee, 77700&quot;" type="java.lang.AssertionError">java.lang.AssertionError: Starting points do not match - 
Expected: a string containing &quot;Disneyland Paris, Boulevard de Parc, , Marne-la-Vallee, 77700&quot;
     but: was &quot;Disneyland Paris, Boulevard de Parc,, Marne-la-Vallee, 77700&quot;
	at net.serenitybdd.screenplay.ErrorTally.throwSummaryExceptionFrom(ErrorTally.java:36)
	at net.serenitybdd.screenplay.ErrorTally.reportAnyErrors(ErrorTally.java:30)
	at net.serenitybdd.screenplay.Actor.should(Actor.java:301)
	at co.com.devco.booking.certificacion.stepdefinitions.AttractionsStepDefinitions.youShouldSeeTheStartingPlace(AttractionsStepDefinitions.java:37)
	at ✽.You should see the starting place(src/test/resources/features/attractions.feature:10)
</failure>
  </testcase>
  <system-out><![CDATA[]]></system-out>
  <system-err><![CDATA[[Test worker] INFO net.thucydides.core.steps.ConsoleLoggingListener - STARTING STEP user opens the https://www.booking.com
feb 17, 2022 7:28:25 AM org.openqa.selenium.remote.DesiredCapabilities chrome
INFORMACIÓN: Using `new ChromeOptions()` is preferred to `DesiredCapabilities.chrome()`
[Test worker] INFO net.serenitybdd.core.webdriver.driverproviders.ProvideNewDriver - Instantiating driver
[Test worker] INFO net.serenitybdd.core.webdriver.driverproviders.ProvideNewDriver - Driver capabilities: Capabilities {acceptInsecureCerts: false, browserName: chrome, chrome.switches: --incognito,--start-maximized, goog:chromeOptions: {args: [--incognito, --start-maximized], extensions: []}, loggingPrefs: org.openqa.selenium.logging..., platform: ANY, version: }
Starting ChromeDriver 98.0.4758.102 (273bf7ac8c909cde36982d27f66f3c70846a3718-refs/branch-heads/4758@{#1151}) on port 39168
Only local connections are allowed.
Please see https://chromedriver.chromium.org/security-considerations for suggestions on keeping ChromeDriver safe.
ChromeDriver was started successfully.
feb 17, 2022 7:28:29 AM org.openqa.selenium.remote.ProtocolHandshake createSession
INFORMACIÓN: Detected dialect: W3C
[Test worker] INFO net.thucydides.core.steps.ConsoleLoggingListener - FINISHING STEP
[Test worker] INFO net.thucydides.core.steps.ConsoleLoggingListener - STARTING STEP user opens the https://www.booking.com
[Test worker] INFO net.thucydides.core.steps.ConsoleLoggingListener - FINISHING STEP
[Test worker] INFO net.thucydides.core.steps.ConsoleLoggingListener - STARTING STEP Given the user is in the attractions page
[Test worker] INFO net.thucydides.core.steps.ConsoleLoggingListener - STARTING STEP user Select the modulo of Atracciones turísticas
[Test worker] INFO net.thucydides.core.steps.ConsoleLoggingListener - STARTING STEP user clicks on Option Atracciones turísticas
[Test worker] INFO net.thucydides.core.steps.ConsoleLoggingListener - FINISHING STEP
[Test worker] INFO net.thucydides.core.steps.ConsoleLoggingListener - FINISHING STEP
[Test worker] INFO net.thucydides.core.steps.ConsoleLoggingListener - FINISHING STEP
[Test worker] INFO net.thucydides.core.steps.ConsoleLoggingListener - STARTING STEP When Search for attractions on the page
| Paris |
| destiny |
[Test worker] INFO net.thucydides.core.steps.ConsoleLoggingListener - STARTING STEP user clicks on Destiny
[Test worker] INFO net.thucydides.core.steps.ConsoleLoggingListener - FINISHING STEP
[Test worker] INFO net.thucydides.core.steps.ConsoleLoggingListener - STARTING STEP user enters 'Paris' into Destiny
[Test worker] INFO net.thucydides.core.steps.ConsoleLoggingListener - FINISHING STEP
[Test worker] INFO net.thucydides.core.steps.ConsoleLoggingListener - STARTING STEP user clicks on button search
[Test worker] INFO net.thucydides.core.steps.ConsoleLoggingListener - FINISHING STEP
[Test worker] INFO net.thucydides.core.steps.ConsoleLoggingListener - STARTING STEP user clicks on Attraction
[Test worker] INFO net.thucydides.core.steps.ConsoleLoggingListener - FINISHING STEP
[Test worker] INFO net.thucydides.core.steps.ConsoleLoggingListener - FINISHING STEP
[Test worker] INFO net.thucydides.core.steps.ConsoleLoggingListener - STARTING STEP Then You should see the starting place
[Test worker] INFO net.thucydides.core.steps.ConsoleLoggingListener - STARTING STEP Then validade starting point should be a string containing 'Disneyland Paris, Boulevard de Parc, , Marne-la-Vallee, 77700'
[Test worker] INFO net.thucydides.core.steps.ConsoleLoggingListener - ?[91mSTEP FAILURE: co.com.devco.booking.certificacion.exceptions.SearchAccommodationException: Starting points do not match - 
Expected: a string containing "Disneyland Paris, Boulevard de Parc, , Marne-la-Vallee, 77700"
     but: was "Disneyland Paris, Boulevard de Parc,, Marne-la-Vallee, 77700"?[0m
[Test worker] INFO net.thucydides.core.steps.ConsoleLoggingListener - ?[91mSTEP FAILURE: java.lang.AssertionError: Starting points do not match - 
Expected: a string containing "Disneyland Paris, Boulevard de Parc, , Marne-la-Vallee, 77700"
     but: was "Disneyland Paris, Boulevard de Parc,, Marne-la-Vallee, 77700"?[0m
[Test worker] INFO net.thucydides.core.steps.ConsoleLoggingListener - ?[91mSTEP FAILURE: java.lang.AssertionError: Starting points do not match - 
Expected: a string containing "Disneyland Paris, Boulevard de Parc, , Marne-la-Vallee, 77700"
     but: was "Disneyland Paris, Boulevard de Parc,, Marne-la-Vallee, 77700"?[0m
[Test worker] ERROR net.thucydides.core.steps.ConsoleLoggingListener - ?[91m
           __  _____ _____ ____ _____   _____ _    ___ _     _____ ____  
  _       / / |_   _| ____/ ___|_   _| |  ___/ \  |_ _| |   | ____|  _ \ 
 (_)_____| |    | | |  _| \___ \ | |   | |_ / _ \  | || |   |  _| | | | |
  _|_____| |    | | | |___ ___) || |   |  _/ ___ \ | || |___| |___| |_| |
 (_)     | |    |_| |_____|____/ |_|   |_|/_/   \_\___|_____|_____|____/ 
          \_\                                                            

TEST FAILED: Find where the exit to the Disney attraction in Paris starts
--------------------------------------------------------------------------?[0m
[Test worker] ERROR net.thucydides.core.steps.ConsoleLoggingListener - ?[91mTEST FAILED AT STEP Then validade starting point should be a string containing 'Disneyland Paris, Boulevard de Parc, , Marne-la-Vallee, 77700'?[0m
[Test worker] ERROR net.thucydides.core.steps.ConsoleLoggingListener - Starting points do not match - Expected: a string containing "Disneyland Paris, Boulevard de Parc, , Marne-la-Vallee, 77700" but: was "Disneyland Paris, Boulevard de Parc,, Marne-la-Vallee, 77700"
]]></system-err>
</testsuite>
